<?xml version="1.0" encoding="UTF-8"?>
<!-- Generated by org.testng.reporters.JUnitXMLReporter -->
<testsuite ignored="0" hostname="Shilpa" failures="1" tests="2" name="Default test" time="18.78" errors="0" timestamp="2025-12-13T16:33:22 IST">
  <testcase classname="io.cucumber.testng.AbstractTestNGCucumberTests" name="runScenario" time="7.231"/>
  <testcase classname="io.cucumber.testng.AbstractTestNGCucumberTests" name="runScenario" time="10.812">
    <failure type="java.lang.AssertionError" message="Login failed: Inventory page not displayed expected [true] but found [false]">
      <![CDATA[java.lang.AssertionError: Login failed: Inventory page not displayed expected [true] but found [false]
at org.testng.Assert.fail(Assert.java:111)
at org.testng.Assert.failNotEquals(Assert.java:1578)
at org.testng.Assert.assertTrue(Assert.java:57)
at stepdefinitions.LoginSteps.verify_login(LoginSteps.java:30)
at ✽.user should be logged in successfully(file:///C:/Users/cshil/OneDrive/Desktop/Sporty/Cucumber_Automation/src/test/resources/features/login.feature:6)
]]>
    </failure>
  </testcase> <!-- runScenario -->
</testsuite> <!-- Default test -->
